# JRE version: OpenJDK Runtime Environment (10.0.2+13) (build 10.0.2+13-Ubuntu-1ubuntu0.18.04.4)
# Java VM: OpenJDK 64-Bit Server VM (10.0.2+13-Ubuntu-1ubuntu0.18.04.4, mixed mode, tiered, compressed oops, g1 gc, linux-amd64)
Heap:
 garbage-first heap   total 126976K, used 82336K [0x0000000085000000, 0x0000000100000000)
  region size 1024K, 39 young (39936K), 1 survivors (1024K)
 Metaspace       used 24788K, capacity 25144K, committed 26240K, reserved 1073152K
  class space    used 2491K, capacity 2624K, committed 2944K, reserved 1048576K
GC Heap History (10 events):
Event: 2079.542 GC heap before
{Heap before GC invocations=125 (full 0):
 garbage-first heap   total 126976K, used 106747K [0x0000000085000000, 0x0000000100000000)
  region size 1024K, 67 young (68608K), 1 survivors (1024K)
 Metaspace       used 24763K, capacity 25080K, committed 26240K, reserved 1073152K
  class space    used 2491K, capacity 2624K, committed 2944K, reserved 1048576K
}
Event: 2079.544 GC heap after
{Heap after GC invocations=126 (full 0):
 garbage-first heap   total 126976K, used 39167K [0x0000000085000000, 0x0000000100000000)
  region size 1024K, 1 young (1024K), 1 survivors (1024K)
 Metaspace       used 24763K, capacity 25080K, committed 26240K, reserved 1073152K
  class space    used 2491K, capacity 2624K, committed 2944K, reserved 1048576K
}
Event: 2109.896 GC heap before
{Heap before GC invocations=126 (full 0):
 garbage-first heap   total 126976K, used 107775K [0x0000000085000000, 0x0000000100000000)
  region size 1024K, 68 young (69632K), 1 survivors (1024K)
 Metaspace       used 24765K, capacity 25080K, committed 26240K, reserved 1073152K
  class space    used 2491K, capacity 2624K, committed 2944K, reserved 1048576K
}
Event: 2109.923 GC heap after
{Heap after GC invocations=127 (full 0):
 garbage-first heap   total 126976K, used 44421K [0x0000000085000000, 0x0000000100000000)
  region size 1024K, 6 young (6144K), 6 survivors (6144K)
 Metaspace       used 24765K, capacity 25080K, committed 26240K, reserved 1073152K
  class space    used 2491K, capacity 2624K, committed 2944K, reserved 1048576K
}
Event: 2110.546 GC heap before
{Heap before GC invocations=127 (full 0):
 garbage-first heap   total 126976K, used 102789K [0x0000000085000000, 0x0000000100000000)
  region size 1024K, 63 young (64512K), 6 survivors (6144K)
 Metaspace       used 24765K, capacity 25080K, committed 26240K, reserved 1073152K
  class space    used 2491K, capacity 2624K, committed 2944K, reserved 1048576K
}
Event: 2110.567 GC heap after
{Heap after GC invocations=128 (full 0):
 garbage-first heap   total 126976K, used 44940K [0x0000000085000000, 0x0000000100000000)
  region size 1024K, 1 young (1024K), 1 survivors (1024K)
 Metaspace       used 24765K, capacity 25080K, committed 26240K, reserved 1073152K
  class space    used 2491K, capacity 2624K, committed 2944K, reserved 1048576K
}
Event: 2111.105 GC heap before
{Heap before GC invocations=128 (full 0):
 garbage-first heap   total 126976K, used 105356K [0x0000000085000000, 0x0000000100000000)
  region size 1024K, 60 young (61440K), 1 survivors (1024K)
 Metaspace       used 24765K, capacity 25080K, committed 26240K, reserved 1073152K
  class space    used 2491K, capacity 2624K, committed 2944K, reserved 1048576K
}
Event: 2111.109 GC heap after
{Heap after GC invocations=129 (full 0):
 garbage-first heap   total 126976K, used 44590K [0x0000000085000000, 0x0000000100000000)
  region size 1024K, 1 young (1024K), 1 survivors (1024K)
 Metaspace       used 24765K, capacity 25080K, committed 26240K, reserved 1073152K
  class space    used 2491K, capacity 2624K, committed 2944K, reserved 1048576K
}
Event: 2111.839 GC heap before
{Heap before GC invocations=129 (full 0):
 garbage-first heap   total 126976K, used 106030K [0x0000000085000000, 0x0000000100000000)
  region size 1024K, 61 young (62464K), 1 survivors (1024K)
 Metaspace       used 24765K, capacity 25080K, committed 26240K, reserved 1073152K
  class space    used 2491K, capacity 2624K, committed 2944K, reserved 1048576K
}
Event: 2111.840 GC heap after
{Heap after GC invocations=130 (full 0):
 garbage-first heap   total 126976K, used 44448K [0x0000000085000000, 0x0000000100000000)
  region size 1024K, 1 young (1024K), 1 survivors (1024K)
 Metaspace       used 24765K, capacity 25080K, committed 26240K, reserved 1073152K
  class space    used 2491K, capacity 2624K, committed 2944K, reserved 1048576K
}

